<?xml version="1.0" encoding="UTF-8"?>
<!-- Generated by org.testng.reporters.JUnitXMLReporter -->
<testsuite hostname="SAMMSA-ANIK" ignored="0" name="Test" tests="10" failures="0" timestamp="2020-10-19T14:21:16 IST" time="293.892" errors="0">
  <testcase name="@AfterClass tearDown" time="0.093" classname="com.memberdues.pages.BaseClass">
    <failure type="org.openqa.selenium.NoSuchSessionException" message="Tried to run command without establishing a connection
Build info: version: &amp;apos;3.141.59&amp;apos;, revision: &amp;apos;e82be7d358&amp;apos;, time: &amp;apos;2018-11-14T08:17:03&amp;apos;
System info: host: &amp;apos;SAMMSA-ANIK&amp;apos;, ip: &amp;apos;192.168.0.101&amp;apos;, os.name: &amp;apos;Windows 10&amp;apos;, os.arch: &amp;apos;amd64&amp;apos;, os.version: &amp;apos;10.0&amp;apos;, java.version: &amp;apos;1.8.0_251&amp;apos;
Driver info: org.openqa.selenium.firefox.FirefoxDriver
Capabilities {acceptInsecureCerts: true, browserName: firefox, browserVersion: 81.0.1, javascriptEnabled: true, moz:accessibilityChecks: false, moz:buildID: 20200930150533, moz:geckodriverVersion: 0.27.0, moz:headless: false, moz:processID: 11736, moz:profile: C:\Users\Anik\AppData\Local..., moz:shutdownTimeout: 60000, moz:useNonSpecCompliantPointerOrigin: false, moz:webdriverClick: true, pageLoadStrategy: normal, platform: WINDOWS, platformName: WINDOWS, platformVersion: 10.0, rotatable: false, setWindowRect: true, strictFileInteractability: false, timeouts: {implicit: 0, pageLoad: 300000, script: 30000}, unhandledPromptBehavior: dismiss and notify}
Session ID: 1953e16f-9ac7-4fc6-a881-5fb1cd5bd776">
      <![CDATA[org.openqa.selenium.NoSuchSessionException: Tried to run command without establishing a connection
Build info: version: '3.141.59', revision: 'e82be7d358', time: '2018-11-14T08:17:03'
System info: host: 'SAMMSA-ANIK', ip: '192.168.0.101', os.name: 'Windows 10', os.arch: 'amd64', os.version: '10.0', java.version: '1.8.0_251'
Driver info: org.openqa.selenium.firefox.FirefoxDriver
Capabilities {acceptInsecureCerts: true, browserName: firefox, browserVersion: 81.0.1, javascriptEnabled: true, moz:accessibilityChecks: false, moz:buildID: 20200930150533, moz:geckodriverVersion: 0.27.0, moz:headless: false, moz:processID: 11736, moz:profile: C:\Users\Anik\AppData\Local..., moz:shutdownTimeout: 60000, moz:useNonSpecCompliantPointerOrigin: false, moz:webdriverClick: true, pageLoadStrategy: normal, platform: WINDOWS, platformName: WINDOWS, platformVersion: 10.0, rotatable: false, setWindowRect: true, strictFileInteractability: false, timeouts: {implicit: 0, pageLoad: 300000, script: 30000}, unhandledPromptBehavior: dismiss and notify}
Session ID: 1953e16f-9ac7-4fc6-a881-5fb1cd5bd776
at org.openqa.selenium.remote.http.W3CHttpResponseCodec.createException(W3CHttpResponseCodec.java:187)
at org.openqa.selenium.remote.http.W3CHttpResponseCodec.decode(W3CHttpResponseCodec.java:122)
at org.openqa.selenium.remote.http.W3CHttpResponseCodec.decode(W3CHttpResponseCodec.java:49)
at org.openqa.selenium.remote.HttpCommandExecutor.execute(HttpCommandExecutor.java:158)
at org.openqa.selenium.remote.service.DriverCommandExecutor.execute(DriverCommandExecutor.java:83)
at org.openqa.selenium.remote.RemoteWebDriver.execute(RemoteWebDriver.java:552)
at org.openqa.selenium.remote.RemoteWebDriver.execute(RemoteWebDriver.java:609)
at org.openqa.selenium.remote.RemoteWebDriver.quit(RemoteWebDriver.java:452)
at com.memberdues.utility.BrowserFactory.quitBrowser(BrowserFactory.java:45)
at com.memberdues.pages.BaseClass.tearDown(BaseClass.java:54)
at java.util.ArrayList.forEach(ArrayList.java:1257)
... Removed 29 stack frames]]>
    </failure>
  </testcase> <!-- @AfterClass tearDown -->
  <testcase name="Login_to_Member_Portal" time="16.593" classname="com.memberdues.testcases.LoginTests"/>
  <testcase name="Logout_of_Member_Portal" time="19.784" classname="com.memberdues.testcases.LoginTests"/>
  <testcase name="Login_Error_On_No_Data" time="2.139" classname="com.memberdues.testcases.LoginTests"/>
  <testcase name="Login_Error_On_Wrong_Userid" time="15.197" classname="com.memberdues.testcases.LoginTests"/>
  <testcase name="Login_Error_On_Wrong_Password" time="15.807" classname="com.memberdues.testcases.LoginTests"/>
  <testcase name="Login_Error_On_Wrong_Token" time="15.279" classname="com.memberdues.testcases.LoginTests"/>
  <testcase name="Login_Error_On_AppAccess_Restricted" time="15.128" classname="com.memberdues.testcases.LoginTests"/>
  <testcase name="Login_Error_On_Member_LoginRestricted" time="15.157" classname="com.memberdues.testcases.LoginTests"/>
  <testcase name="Login_Error_On_Member_Deleted" time="15.111" classname="com.memberdues.testcases.LoginTests"/>
  <testcase name="First_Time_Reset_Password" time="52.631" classname="com.memberdues.testcases.LoginTests"/>
</testsuite> <!-- Test -->
